[DEBUG|Futures-Tracker.pyw:816]2018-10-08 19:28:39,587>=============================================================================
[INFO|Futures-Tracker.pyw:817]2018-10-08 19:28:39,587>LOG START
[INFO|Futures-Tracker.pyw:257]2018-10-08 19:28:47,516>1   -23 TR에 대한 정보를 찾을 수 없습니다.
[DEBUG|Futures-Tracker.pyw:816]2018-10-08 19:29:50,355>=============================================================================
[INFO|Futures-Tracker.pyw:817]2018-10-08 19:29:50,355>LOG START
[DEBUG|Futures-Tracker.pyw:816]2018-12-13 10:28:31,428>=============================================================================
[INFO|Futures-Tracker.pyw:817]2018-12-13 10:28:31,428>LOG START
[INFO|Futures-Tracker.pyw:257]2018-12-13 10:29:00,732>1   -23 TR에 대한 정보를 찾을 수 없습니다.
[DEBUG|Futures-Tracker.pyw:816]2018-12-17 10:53:12,640>=============================================================================
[INFO|Futures-Tracker.pyw:817]2018-12-17 10:53:12,641>LOG START
[DEBUG|Futures-Tracker.pyw:816]2018-12-17 10:54:24,468>=============================================================================
[INFO|Futures-Tracker.pyw:817]2018-12-17 10:54:24,468>LOG START
[INFO|Futures-Tracker.pyw:184]2018-12-17 10:54:47,812>수동매수 : 6627.00 (6627.00)
[INFO|Futures-Tracker.pyw:257]2018-12-17 10:54:47,904>0 00000 모의투자 정상 처리되었습니다.	                                                  
[INFO|Futures-Tracker.pyw:437]2018-12-17 10:54:52,342>----------------------------------------------------------
[INFO|Futures-Tracker.pyw:438]2018-12-17 10:54:52,343>{'주문일자': '20181217', '주문번호': 424, '원주문번호': 0, '모주문번호': 424, '계좌번호': '55555010317', '종목코드': 'NQZ18', '매도매수유형': '2', '정정취소유형': '1', '체결수량': 1, '체결가격': 6626.0, '체결번호': '0000000000', '체결시간': '308105454', '매입평균단가': 472006626.0, '매입금액': 0.0013252, '청산손익': 0.0, '위탁수수료': 0.0, '현재가격': 8.0}
[INFO|Futures-Tracker.pyw:439]2018-12-17 10:54:52,344>----------------------------------------------------------
[INFO|Futures-Tracker.pyw:194]2018-12-17 10:54:55,569>수동매도 : 6626.00 (6626.00)
[INFO|Futures-Tracker.pyw:257]2018-12-17 10:54:55,605>0 00000 모의투자 정상 처리되었습니다.	                                                  
[INFO|Futures-Tracker.pyw:437]2018-12-17 10:54:57,847>----------------------------------------------------------
[INFO|Futures-Tracker.pyw:438]2018-12-17 10:54:57,849>{'주문일자': '20181217', '주문번호': 425, '원주문번호': 0, '모주문번호': 425, '계좌번호': '55555010317', '종목코드': 'NQZ18', '매도매수유형': '1', '정정취소유형': '1', '체결수량': 1, '체결가격': 6626.25, '체결번호': '0000000000', '체결시간': '309105459', '매입평균단가': 932000000.0, '매입금액': 0.0, '청산손익': 0.0, '위탁수수료': 5.0, '현재가격': 8.0}
[INFO|Futures-Tracker.pyw:439]2018-12-17 10:54:57,852>----------------------------------------------------------
[DEBUG|Futures-Tracker.pyw:816]2018-12-17 11:06:12,776>=============================================================================
[INFO|Futures-Tracker.pyw:817]2018-12-17 11:06:12,777>LOG START
[INFO|Futures-Tracker.pyw:184]2018-12-17 11:06:30,026>수동매수 : 6621.75 (6621.75)
[INFO|Futures-Tracker.pyw:257]2018-12-17 11:06:30,076>0 00000 모의투자 정상 처리되었습니다.	                                                  
[INFO|Futures-Tracker.pyw:437]2018-12-17 11:06:34,332>----------------------------------------------------------
[INFO|Futures-Tracker.pyw:438]2018-12-17 11:06:34,332>{'주문일자': '20181217', '주문번호': 493, '원주문번호': 0, '모주문번호': 493, '계좌번호': '55555010317', '종목코드': 'NQZ18', '매도매수유형': '2', '정정취소유형': '1', '체결수량': 1, '체결가격': 6621.75, '체결번호': '0000000000', '체결시간': '356110633', '매입평균단가': 990006621.75, '매입금액': 0.00132435, '청산손익': 0.0, '위탁수수료': 0.0, '현재가격': 8.0}
[INFO|Futures-Tracker.pyw:439]2018-12-17 11:06:34,333>----------------------------------------------------------
[INFO|Futures-Tracker.pyw:194]2018-12-17 11:25:03,464>수동매도 : 6627.75 (6627.75)
[INFO|Futures-Tracker.pyw:257]2018-12-17 11:25:03,529>0 00000 모의투자 정상 처리되었습니다.	                                                  
[INFO|Futures-Tracker.pyw:437]2018-12-17 11:25:06,129>----------------------------------------------------------
[INFO|Futures-Tracker.pyw:438]2018-12-17 11:25:06,130>{'주문일자': '20181217', '주문번호': 577, '원주문번호': 0, '모주문번호': 577, '계좌번호': '55555010317', '종목코드': 'NQZ18', '매도매수유형': '1', '정정취소유형': '1', '체결수량': 1, '체결가격': 6628.25, '체결번호': '0000000000', '체결시간': '408112505', '매입평균단가': 781000000.0, '매입금액': 0.0, '청산손익': 0.0, '위탁수수료': 130.0, '현재가격': 8.0}
[INFO|Futures-Tracker.pyw:439]2018-12-17 11:25:06,131>----------------------------------------------------------
[DEBUG|Futures-Tracker.pyw:817]2018-12-17 11:28:16,093>=============================================================================
[INFO|Futures-Tracker.pyw:818]2018-12-17 11:28:16,094>LOG START
[DEBUG|Futures-Tracker.pyw:817]2018-12-17 11:30:59,701>=============================================================================
[INFO|Futures-Tracker.pyw:818]2018-12-17 11:30:59,702>LOG START
[DEBUG|Futures-Tracker.pyw:817]2018-12-17 11:33:01,246>=============================================================================
[INFO|Futures-Tracker.pyw:818]2018-12-17 11:33:01,246>LOG START
[INFO|Futures-Tracker.pyw:184]2018-12-17 11:33:39,554>수동매수 : 6627.75 (6627.75)
[INFO|Futures-Tracker.pyw:257]2018-12-17 11:33:39,585>0 00000 모의투자 정상 처리되었습니다.	                                                  
[INFO|Futures-Tracker.pyw:437]2018-12-17 11:33:46,113>----------------------------------------------------------
[INFO|Futures-Tracker.pyw:438]2018-12-17 11:33:46,114>{'주문일자': '20181217', '주문번호': 596, '원주문번호': 0, '모주문번호': 596, '계좌번호': '55555010317', '종목코드': 'NQZ18', '매도매수유형': '2', '정정취소유형': '1', '체결수량': 1, '체결가격': 6628.75, '체결번호': '0000000000', '체결시간': '421113345', '매입평균단가': 859006628.75, '매입금액': 0.00132575, '청산손익': 0.0, '위탁수수료': 0.0, '현재가격': 8.0}
[INFO|Futures-Tracker.pyw:439]2018-12-17 11:33:46,115>----------------------------------------------------------
[INFO|Futures-Tracker.pyw:194]2018-12-17 11:36:53,070>수동매도 : 6632.25 (6632.25)
[INFO|Futures-Tracker.pyw:257]2018-12-17 11:36:53,184>0 00000 모의투자 정상 처리되었습니다.	                                                  
[INFO|Futures-Tracker.pyw:437]2018-12-17 11:36:54,266>----------------------------------------------------------
[INFO|Futures-Tracker.pyw:438]2018-12-17 11:36:54,267>{'주문일자': '20181217', '주문번호': 606, '원주문번호': 0, '모주문번호': 606, '계좌번호': '55555010317', '종목코드': 'NQZ18', '매도매수유형': '1', '정정취소유형': '1', '체결수량': 1, '체결가격': 6633.0, '체결번호': '0000000000', '체결시간': '431113653', '매입평균단가': 902000000.0, '매입금액': 0.0, '청산손익': 0.0, '위탁수수료': 85.0, '현재가격': 8.0}
[INFO|Futures-Tracker.pyw:439]2018-12-17 11:36:54,271>----------------------------------------------------------
[DEBUG|Futures-Tracker.pyw:818]2018-12-17 11:38:32,541>=============================================================================
[INFO|Futures-Tracker.pyw:819]2018-12-17 11:38:32,542>LOG START
[INFO|Futures-Tracker.pyw:184]2018-12-17 11:38:54,476>수동매수 : 6632.75 (6632.75)
[INFO|Futures-Tracker.pyw:257]2018-12-17 11:38:54,527>0 00000 모의투자 정상 처리되었습니다.	                                                  
[INFO|Futures-Tracker.pyw:437]2018-12-17 11:39:02,078>----------------------------------------------------------
[INFO|Futures-Tracker.pyw:438]2018-12-17 11:39:02,078>{'주문일자': '20181217', '주문번호': 611, '원주문번호': 0, '모주문번호': 611, '계좌번호': '55555010317', '종목코드': 'NQZ18', '매도매수유형': '2', '정정취소유형': '1', '체결수량': 1, '체결가격': 6633.5, '체결번호': '0000000000', '체결시간': '434113901', '매입평균단가': 740006633.5, '매입금액': 0.0013267, '청산손익': 0.0, '위탁수수료': 0.0, '현재가격': 8.0}
[INFO|Futures-Tracker.pyw:439]2018-12-17 11:39:02,079>----------------------------------------------------------
[DEBUG|Futures-Tracker.pyw:818]2018-12-17 11:46:38,578>=============================================================================
[INFO|Futures-Tracker.pyw:819]2018-12-17 11:46:38,578>LOG START
[INFO|Futures-Tracker.pyw:184]2018-12-17 11:46:47,558>수동매수 : 6628.25 (6628.25)
[INFO|Futures-Tracker.pyw:257]2018-12-17 11:46:47,594>0 03576 모의투자 증거금 한도 초과로 주문 불가합니다.	                                   
[INFO|Futures-Tracker.pyw:194]2018-12-17 11:46:58,047>수동매도 : 6628.25 (6628.25)
[INFO|Futures-Tracker.pyw:257]2018-12-17 11:46:58,090>0 00000 모의투자 정상 처리되었습니다.	                                                  
[DEBUG|Futures-Tracker.pyw:818]2018-12-17 11:47:12,907>=============================================================================
[INFO|Futures-Tracker.pyw:819]2018-12-17 11:47:12,909>LOG START
[INFO|Futures-Tracker.pyw:184]2018-12-17 11:47:22,871>수동매수 : 6629.50 (6629.50)
[INFO|Futures-Tracker.pyw:257]2018-12-17 11:47:22,901>0 00000 모의투자 정상 처리되었습니다.	                                                  
[INFO|Futures-Tracker.pyw:437]2018-12-17 11:47:26,941>----------------------------------------------------------
[INFO|Futures-Tracker.pyw:438]2018-12-17 11:47:26,943>{'주문일자': '20181217', '주문번호': 638, '원주문번호': 0, '모주문번호': 638, '계좌번호': '55555010317', '종목코드': 'NQZ18', '매도매수유형': '2', '정정취소유형': '1', '체결수량': 1, '체결가격': 6629.5, '체결번호': '0000000000', '체결시간': '452114726', '매입평균단가': 651006629.5, '매입금액': 0.0013259, '청산손익': 0.0, '위탁수수료': 0.0, '현재가격': 8.0}
[INFO|Futures-Tracker.pyw:439]2018-12-17 11:47:26,946>----------------------------------------------------------
[INFO|Futures-Tracker.pyw:194]2018-12-17 11:48:28,336>수동매도 : 6630.75 (6630.75)
[INFO|Futures-Tracker.pyw:257]2018-12-17 11:48:28,366>0 00000 모의투자 정상 처리되었습니다.	                                                  
[INFO|Futures-Tracker.pyw:437]2018-12-17 11:48:29,694>----------------------------------------------------------
[INFO|Futures-Tracker.pyw:438]2018-12-17 11:48:29,694>{'주문일자': '20181217', '주문번호': 642, '원주문번호': 0, '모주문번호': 642, '계좌번호': '55555010317', '종목코드': 'NQZ18', '매도매수유형': '1', '정정취소유형': '1', '체결수량': 1, '체결가격': 6630.75, '체결번호': '0000000000', '체결시간': '457114829', '매입평균단가': 405000000.0, '매입금액': 0.0, '청산손익': 0.0, '위탁수수료': 25.0, '현재가격': 8.0}
[INFO|Futures-Tracker.pyw:439]2018-12-17 11:48:29,695>----------------------------------------------------------
[DEBUG|Futures-Tracker.pyw:819]2018-12-17 11:49:33,538>=============================================================================
[INFO|Futures-Tracker.pyw:820]2018-12-17 11:49:33,538>LOG START
[INFO|Futures-Tracker.pyw:184]2018-12-17 11:49:46,342>수동매수 : 6633.00 (6633.00)
[INFO|Futures-Tracker.pyw:257]2018-12-17 11:49:46,381>0 00000 모의투자 정상 처리되었습니다.	                                                  
[INFO|Futures-Tracker.pyw:437]2018-12-17 11:49:48,059>----------------------------------------------------------
[INFO|Futures-Tracker.pyw:438]2018-12-17 11:49:48,061>{'주문일자': '20181217', '주문번호': 650, '원주문번호': 0, '모주문번호': 650, '계좌번호': '55555010317', '종목코드': 'NQZ18', '매도매수유형': '2', '정정취소유형': '1', '체결수량': 1, '체결가격': 6632.5, '체결번호': '0000000000', '체결시간': '460114947', '매입평균단가': 795006632.5, '매입금액': 0.0013265, '청산손익': 0.0, '위탁수수료': 0.0, '현재가격': 8.0}
[INFO|Futures-Tracker.pyw:439]2018-12-17 11:49:48,064>----------------------------------------------------------
[DEBUG|Futures-Tracker.pyw:822]2018-12-17 12:04:37,361>=============================================================================
[INFO|Futures-Tracker.pyw:823]2018-12-17 12:04:37,363>LOG START
[INFO|Futures-Tracker.pyw:184]2018-12-17 12:04:56,419>수동매수 : 6630.75 (6630.75)
[INFO|Futures-Tracker.pyw:257]2018-12-17 12:04:56,454>0 03576 모의투자 증거금 한도 초과로 주문 불가합니다.	                                   
[INFO|Futures-Tracker.pyw:194]2018-12-17 12:05:03,265>수동매도 : 6630.50 (6630.50)
[INFO|Futures-Tracker.pyw:257]2018-12-17 12:05:03,296>0 00000 모의투자 정상 처리되었습니다.	                                                  
[DEBUG|Futures-Tracker.pyw:822]2018-12-17 12:05:11,469>=============================================================================
[INFO|Futures-Tracker.pyw:823]2018-12-17 12:05:11,471>LOG START
[INFO|Futures-Tracker.pyw:184]2018-12-17 12:05:58,464>수동매수 : 6630.50 (6630.50)
[INFO|Futures-Tracker.pyw:257]2018-12-17 12:05:58,493>0 00000 모의투자 정상 처리되었습니다.	                                                  
[INFO|Futures-Tracker.pyw:440]2018-12-17 12:06:01,120>----------------------------------------------------------
[INFO|Futures-Tracker.pyw:441]2018-12-17 12:06:01,121>{'주문일자': '20181217', '주문번호': 709, '원주문번호': 0, '모주문번호': 709, '계좌번호': '55555010317', '종목코드': 'NQZ18', '매도매수유형': '2', '정정취소유형': '1', '체결수량': 1, '체결가격': 6629.75, '체결번호': '0000000000', '체결시간': '499120600', '매입평균단가': 859006629.75, '매입금액': 0.00132595, '청산손익': 0.0, '위탁수수료': 0.0, '현재가격': 8.0}
[INFO|Futures-Tracker.pyw:442]2018-12-17 12:06:01,122>----------------------------------------------------------
[INFO|Futures-Tracker.pyw:194]2018-12-17 12:06:45,527>수동매도 : 6629.25 (6629.25)
[INFO|Futures-Tracker.pyw:257]2018-12-17 12:06:45,578>0 00000 모의투자 정상 처리되었습니다.	                                                  
[INFO|Futures-Tracker.pyw:440]2018-12-17 12:06:56,066>----------------------------------------------------------
[INFO|Futures-Tracker.pyw:441]2018-12-17 12:06:56,067>{'주문일자': '20181217', '주문번호': 712, '원주문번호': 0, '모주문번호': 712, '계좌번호': '55555010317', '종목코드': 'NQZ18', '매도매수유형': '1', '정정취소유형': '1', '체결수량': 1, '체결가격': 6630.0, '체결번호': '0000000000', '체결시간': '502120655', '매입평균단가': 810000000.0, '매입금액': 0.0, '청산손익': 0.0, '위탁수수료': 5.0, '현재가격': 8.0}
[INFO|Futures-Tracker.pyw:442]2018-12-17 12:06:56,077>----------------------------------------------------------
[INFO|Futures-Tracker.pyw:194]2018-12-17 12:08:46,477>수동매도 : 6629.75 (6629.75)
[INFO|Futures-Tracker.pyw:257]2018-12-17 12:08:46,512>0 00000 모의투자 정상 처리되었습니다.	                                                  
[DEBUG|Futures-Tracker.pyw:819]2018-12-17 12:10:50,131>=============================================================================
[INFO|Futures-Tracker.pyw:820]2018-12-17 12:10:50,132>LOG START
[INFO|Futures-Tracker.pyw:194]2018-12-17 12:11:10,250>수동매도 : 6630.25 (6630.25)
[INFO|Futures-Tracker.pyw:257]2018-12-17 12:11:10,280>0 03576 모의투자 증거금 한도 초과로 주문 불가합니다.	                                   
[INFO|Futures-Tracker.pyw:184]2018-12-17 12:11:14,248>수동매수 : 6631.00 (6631.00)
[INFO|Futures-Tracker.pyw:257]2018-12-17 12:11:14,291>0 00000 모의투자 정상 처리되었습니다.	                                                  
[DEBUG|Futures-Tracker.pyw:819]2018-12-17 12:12:06,918>=============================================================================
[INFO|Futures-Tracker.pyw:820]2018-12-17 12:12:06,919>LOG START
[INFO|Futures-Tracker.pyw:184]2018-12-17 12:12:28,961>수동매수 : 6630.50 (6630.50)
[INFO|Futures-Tracker.pyw:257]2018-12-17 12:12:29,002>0 00000 모의투자 정상 처리되었습니다.	                                                  
[INFO|Futures-Tracker.pyw:437]2018-12-17 12:12:29,349>----------------------------------------------------------
[INFO|Futures-Tracker.pyw:438]2018-12-17 12:12:29,350>{'주문일자': '20181217', '주문번호': 738, '원주문번호': 0, '모주문번호': 738, '계좌번호': '55555010317', '종목코드': 'NQZ18', '매도매수유형': '2', '정정취소유형': '1', '체결수량': 1, '체결가격': 6631.0, '체결번호': '0000000000', '체결시간': '517121228', '매입평균단가': 980006631.0, '매입금액': 0.0013262, '청산손익': 0.0, '위탁수수료': 0.0, '현재가격': 8.0}
[INFO|Futures-Tracker.pyw:439]2018-12-17 12:12:29,360>----------------------------------------------------------
[DEBUG|Futures-Tracker.pyw:819]2018-12-17 12:14:27,351>=============================================================================
[INFO|Futures-Tracker.pyw:820]2018-12-17 12:14:27,351>LOG START
[INFO|Futures-Tracker.pyw:184]2018-12-17 12:14:56,380>수동매수 : 6630.50 (6630.50)
[INFO|Futures-Tracker.pyw:257]2018-12-17 12:14:56,416>0 00000 모의투자 정상 처리되었습니다.	                                                  
[INFO|Futures-Tracker.pyw:437]2018-12-17 12:14:59,494>----------------------------------------------------------
[INFO|Futures-Tracker.pyw:438]2018-12-17 12:14:59,495>{'주문일자': '20181217', '주문번호': 745, '원주문번호': 0, '모주문번호': 745, '계좌번호': '55555010317', '종목코드': 'NQZ18', '매도매수유형': '2', '정정취소유형': '1', '체결수량': 1, '체결가격': 6630.5, '체결번호': '0000000000', '체결시간': '520121459', '매입평균단가': 287006630.5, '매입금액': 0.0013261, '청산손익': 0.0, '위탁수수료': 0.0, '현재가격': 8.0}
[INFO|Futures-Tracker.pyw:439]2018-12-17 12:14:59,500>----------------------------------------------------------
[DEBUG|Futures-Tracker.pyw:819]2018-12-17 12:17:14,684>=============================================================================
[INFO|Futures-Tracker.pyw:820]2018-12-17 12:17:14,686>LOG START
[INFO|Futures-Tracker.pyw:184]2018-12-17 12:17:58,277>수동매수 : 6630.75 (6630.75)
[INFO|Futures-Tracker.pyw:257]2018-12-17 12:17:58,344>0 00000 모의투자 정상 처리되었습니다.	                                                  
[INFO|Futures-Tracker.pyw:437]2018-12-17 12:17:58,654>----------------------------------------------------------
[INFO|Futures-Tracker.pyw:438]2018-12-17 12:17:58,655>{'주문일자': '20181217', '주문번호': 756, '원주문번호': 0, '모주문번호': 756, '계좌번호': '55555010317', '종목코드': 'NQZ18', '매도매수유형': '2', '정정취소유형': '1', '체결수량': 1, '체결가격': 6631.5, '체결번호': '0000000000', '체결시간': '528121758', '매입평균단가': 456006631.5, '매입금액': 0.0013263, '청산손익': 0.0, '위탁수수료': 0.0, '현재가격': 8.0}
[INFO|Futures-Tracker.pyw:439]2018-12-17 12:17:58,656>----------------------------------------------------------
[DEBUG|Futures-Tracker.pyw:819]2018-12-17 12:19:27,221>=============================================================================
[INFO|Futures-Tracker.pyw:820]2018-12-17 12:19:27,221>LOG START
[INFO|Futures-Tracker.pyw:184]2018-12-17 12:20:18,639>수동매수 : 6629.50 (6629.50)
[INFO|Futures-Tracker.pyw:257]2018-12-17 12:20:18,681>0 03576 모의투자 증거금 한도 초과로 주문 불가합니다.	                                   
[INFO|Futures-Tracker.pyw:194]2018-12-17 12:20:27,694>수동매도 : 6629.50 (6629.50)
[INFO|Futures-Tracker.pyw:257]2018-12-17 12:20:28,138>0 00000 모의투자 정상 처리되었습니다.	                                                  
[DEBUG|Futures-Tracker.pyw:819]2018-12-17 12:20:38,770>=============================================================================
[INFO|Futures-Tracker.pyw:820]2018-12-17 12:20:38,771>LOG START
[INFO|Futures-Tracker.pyw:184]2018-12-17 12:21:23,361>수동매수 : 6629.75 (6629.75)
[INFO|Futures-Tracker.pyw:257]2018-12-17 12:21:23,398>0 00000 모의투자 정상 처리되었습니다.	                                                  
[INFO|Futures-Tracker.pyw:437]2018-12-17 12:21:57,167>----------------------------------------------------------
[INFO|Futures-Tracker.pyw:438]2018-12-17 12:21:57,168>{'주문일자': '20181217', '주문번호': 762, '원주문번호': 0, '모주문번호': 762, '계좌번호': '55555010317', '종목코드': 'NQZ18', '매도매수유형': '2', '정정취소유형': '1', '체결수량': 1, '체결가격': 6629.5, '체결번호': '0000000000', '체결시간': '534122156', '매입평균단가': 938006629.5, '매입금액': 0.0013259, '청산손익': 0.0, '위탁수수료': 0.0, '현재가격': 8.0}
[INFO|Futures-Tracker.pyw:439]2018-12-17 12:21:57,174>----------------------------------------------------------
[DEBUG|Futures-Tracker.pyw:824]2018-12-17 12:25:20,339>=============================================================================
[INFO|Futures-Tracker.pyw:825]2018-12-17 12:25:20,340>LOG START
[INFO|Futures-Tracker.pyw:184]2018-12-17 12:25:48,032>수동매수 : 6631.75 (6631.75)
[INFO|Futures-Tracker.pyw:257]2018-12-17 12:25:48,083>0 00000 모의투자 정상 처리되었습니다.	                                                  
[INFO|Futures-Tracker.pyw:317]2018-12-17 12:25:48,101>CIDBT00100------------------------------------------------
[INFO|Futures-Tracker.pyw:318]2018-12-17 12:25:48,102>   레코드갯수 주문일자 지점코드         계좌번호  비밀번호  종목코드값 선물주문구분코드 매매구분코드 해외선물주문유형코드 통화코드  \
0      1            55555010317  0000  NQZ18        1      2          1        

   해외파생주문가격  조건주문가격  주문수량 상품코드 만기년월 거래소코드  
0       0.0     0.0     1                  
[INFO|Futures-Tracker.pyw:319]2018-12-17 12:25:48,125>   레코드갯수             계좌번호 해외선물주문번호
0      0  000015555501031        7
[INFO|Futures-Tracker.pyw:320]2018-12-17 12:25:48,130>----------------------------------------------------------
[INFO|Futures-Tracker.pyw:442]2018-12-17 12:25:49,392>----------------------------------------------------------
[INFO|Futures-Tracker.pyw:443]2018-12-17 12:25:49,393>{'주문일자': '20181217', '주문번호': 771, '원주문번호': 0, '모주문번호': 771, '계좌번호': '55555010317', '종목코드': 'NQZ18', '매도매수유형': '2', '정정취소유형': '1', '체결수량': 1, '체결가격': 6632.0, '체결번호': '0000000000', '체결시간': '539122549', '매입평균단가': 173006632.0, '매입금액': 0.0013264, '청산손익': 0.0, '위탁수수료': 0.0, '현재가격': 8.0}
[INFO|Futures-Tracker.pyw:444]2018-12-17 12:25:49,428>----------------------------------------------------------
[DEBUG|Futures-Tracker.pyw:823]2018-12-17 16:53:00,497>=============================================================================
[INFO|Futures-Tracker.pyw:824]2018-12-17 16:53:00,498>LOG START
[INFO|Futures-Tracker.pyw:184]2018-12-17 16:53:26,490>수동매수 : 6609.75 (6609.75)
[INFO|Futures-Tracker.pyw:257]2018-12-17 16:53:26,531>0 00000 모의투자 정상 처리되었습니다.	                                                  
[INFO|Futures-Tracker.pyw:317]2018-12-17 16:53:26,542>CIDBT00100------------------------------------------------
[INFO|Futures-Tracker.pyw:318]2018-12-17 16:53:26,543>   레코드갯수 주문일자 지점코드         계좌번호  비밀번호  종목코드값 선물주문구분코드 매매구분코드 해외선물주문유형코드 통화코드  \
0      1            55555010317  0000  NQZ18        1      2          1        

   해외파생주문가격  조건주문가격  주문수량 상품코드 만기년월 거래소코드  
0       0.0     0.0     1                  
[INFO|Futures-Tracker.pyw:319]2018-12-17 16:53:26,569>   레코드갯수             계좌번호 해외선물주문번호
0      0  000015555501031        7
[INFO|Futures-Tracker.pyw:320]2018-12-17 16:53:26,573>----------------------------------------------------------
[INFO|Futures-Tracker.pyw:441]2018-12-17 16:53:28,155>----------------------------------------------------------
[INFO|Futures-Tracker.pyw:442]2018-12-17 16:53:28,155>{'주문일자': '20181217', '주문번호': '1633', '원주문번호': 0, '모주문번호': 1633, '계좌번호': '55555010317', '종목코드': 'NQZ18', '매도매수유형': '2', '정정취소유형': '1', '체결수량': 1, '체결가격': 6609.75, '체결번호': '0000000001', '체결시간': '033165328', '매입평균단가': 162006609.75, '매입금액': 0.00132195, '청산손익': 0.0, '위탁수수료': 0.0, '현재가격': 8.0}
[INFO|Futures-Tracker.pyw:443]2018-12-17 16:53:28,156>----------------------------------------------------------
[DEBUG|Futures-Tracker.pyw:823]2018-12-17 17:04:10,412>=============================================================================
[INFO|Futures-Tracker.pyw:824]2018-12-17 17:04:10,412>LOG START
[INFO|Futures-Tracker.pyw:441]2018-12-17 17:04:35,552>----------------------------------------------------------
[INFO|Futures-Tracker.pyw:442]2018-12-17 17:04:35,552>{'주문일자': '20181217', '주문번호': '1719', '원주문번호': 0, '모주문번호': 1719, '계좌번호': '55555010317', '종목코드': 'NQZ18', '매도매수유형': '1', '정정취소유형': '1', '체결수량': 1, '체결가격': 6608.75, '체결번호': '0000001111', '체결시간': '170435529', '매입평균단가': 0.0, '매입금액': 0.0, '청산손익': -20.0, '위탁수수료': 7.5, '현재가격': 6608.75}
[INFO|Futures-Tracker.pyw:443]2018-12-17 17:04:35,554>----------------------------------------------------------
[INFO|Futures-Tracker.pyw:184]2018-12-17 17:04:44,981>수동매수 : 6608.75 (6608.75)
[INFO|Futures-Tracker.pyw:257]2018-12-17 17:04:45,026>0 00000 모의투자 정상 처리되었습니다.	                                                  
[INFO|Futures-Tracker.pyw:317]2018-12-17 17:04:45,047>CIDBT00100------------------------------------------------
[INFO|Futures-Tracker.pyw:318]2018-12-17 17:04:45,048>   레코드갯수 주문일자 지점코드         계좌번호  비밀번호  종목코드값 선물주문구분코드 매매구분코드 해외선물주문유형코드 통화코드  \
0      1            55555010317  0000  NQZ18        1      2          1        

   해외파생주문가격  조건주문가격  주문수량 상품코드 만기년월 거래소코드  
0       0.0     0.0     1                  
[INFO|Futures-Tracker.pyw:319]2018-12-17 17:04:45,098>   레코드갯수         계좌번호    해외선물주문번호
0      1  55555010317  0000001722
[INFO|Futures-Tracker.pyw:320]2018-12-17 17:04:45,109>----------------------------------------------------------
[INFO|Futures-Tracker.pyw:441]2018-12-17 17:04:45,562>----------------------------------------------------------
[INFO|Futures-Tracker.pyw:442]2018-12-17 17:04:45,564>{'주문일자': '20181217', '주문번호': '1722', '원주문번호': 0, '모주문번호': 1722, '계좌번호': '55555010317', '종목코드': 'NQZ18', '매도매수유형': '2', '정정취소유형': '1', '체결수량': 1, '체결가격': 6608.0, '체결번호': '0000001114', '체결시간': '170445619', '매입평균단가': 6608.0, '매입금액': 132160.0, '청산손익': 0.0, '위탁수수료': 7.5, '현재가격': 6608.0}
[INFO|Futures-Tracker.pyw:443]2018-12-17 17:04:45,567>----------------------------------------------------------
[INFO|Futures-Tracker.pyw:194]2018-12-17 17:04:52,812>수동매도 : 6608.50 (6608.50)
[INFO|Futures-Tracker.pyw:257]2018-12-17 17:04:52,855>0 00000 모의투자 정상 처리되었습니다.	                                                  
[INFO|Futures-Tracker.pyw:317]2018-12-17 17:04:52,867>CIDBT00100------------------------------------------------
[INFO|Futures-Tracker.pyw:318]2018-12-17 17:04:52,869>   레코드갯수 주문일자 지점코드         계좌번호  비밀번호  종목코드값 선물주문구분코드 매매구분코드 해외선물주문유형코드 통화코드  \
0      1            55555010317  0000  NQZ18        1      1          1        

   해외파생주문가격  조건주문가격  주문수량 상품코드 만기년월 거래소코드  
0       0.0     0.0     1                  
[INFO|Futures-Tracker.pyw:319]2018-12-17 17:04:52,908>   레코드갯수         계좌번호    해외선물주문번호
0      1  55555010317  0000001725
[INFO|Futures-Tracker.pyw:320]2018-12-17 17:04:52,913>----------------------------------------------------------
[INFO|Futures-Tracker.pyw:441]2018-12-17 17:04:54,170>----------------------------------------------------------
[INFO|Futures-Tracker.pyw:442]2018-12-17 17:04:54,171>{'주문일자': '20181217', '주문번호': '1725', '원주문번호': 0, '모주문번호': 1725, '계좌번호': '55555010317', '종목코드': 'NQZ18', '매도매수유형': '1', '정정취소유형': '1', '체결수량': 1, '체결가격': 6608.0, '체결번호': '0000001115', '체결시간': '170454212', '매입평균단가': 0.0, '매입금액': 0.0, '청산손익': 0.0, '위탁수수료': 7.5, '현재가격': 6608.0}
[INFO|Futures-Tracker.pyw:443]2018-12-17 17:04:54,173>----------------------------------------------------------
[INFO|Futures-Tracker.pyw:184]2018-12-17 17:04:56,095>수동매수 : 6608.00 (6608.00)
[INFO|Futures-Tracker.pyw:257]2018-12-17 17:04:56,135>0 00000 모의투자 정상 처리되었습니다.	                                                  
[INFO|Futures-Tracker.pyw:317]2018-12-17 17:04:56,139>CIDBT00100------------------------------------------------
[INFO|Futures-Tracker.pyw:318]2018-12-17 17:04:56,139>   레코드갯수 주문일자 지점코드         계좌번호  비밀번호  종목코드값 선물주문구분코드 매매구분코드 해외선물주문유형코드 통화코드  \
0      1            55555010317  0000  NQZ18        1      2          1        

   해외파생주문가격  조건주문가격  주문수량 상품코드 만기년월 거래소코드  
0       0.0     0.0     1                  
[INFO|Futures-Tracker.pyw:319]2018-12-17 17:04:56,150>   레코드갯수         계좌번호    해외선물주문번호
0      1  55555010317  0000001726
[INFO|Futures-Tracker.pyw:320]2018-12-17 17:04:56,153>----------------------------------------------------------
[INFO|Futures-Tracker.pyw:441]2018-12-17 17:04:56,570>----------------------------------------------------------
[INFO|Futures-Tracker.pyw:442]2018-12-17 17:04:56,571>{'주문일자': '20181217', '주문번호': '1726', '원주문번호': 0, '모주문번호': 1726, '계좌번호': '55555010317', '종목코드': 'NQZ18', '매도매수유형': '2', '정정취소유형': '1', '체결수량': 1, '체결가격': 6608.5, '체결번호': '0000001116', '체결시간': '170456661', '매입평균단가': 6608.5, '매입금액': 132170.0, '청산손익': 0.0, '위탁수수료': 7.5, '현재가격': 6608.5}
[INFO|Futures-Tracker.pyw:443]2018-12-17 17:04:56,577>----------------------------------------------------------
[INFO|Futures-Tracker.pyw:194]2018-12-17 17:05:01,937>수동매도 : 6606.00 (6606.00)
[INFO|Futures-Tracker.pyw:257]2018-12-17 17:05:01,977>0 00000 모의투자 정상 처리되었습니다.	                                                  
[INFO|Futures-Tracker.pyw:317]2018-12-17 17:05:01,980>CIDBT00100------------------------------------------------
[INFO|Futures-Tracker.pyw:318]2018-12-17 17:05:01,981>   레코드갯수 주문일자 지점코드         계좌번호  비밀번호  종목코드값 선물주문구분코드 매매구분코드 해외선물주문유형코드 통화코드  \
0      1            55555010317  0000  NQZ18        1      1          1        

   해외파생주문가격  조건주문가격  주문수량 상품코드 만기년월 거래소코드  
0       0.0     0.0     1                  
[INFO|Futures-Tracker.pyw:319]2018-12-17 17:05:01,992>   레코드갯수         계좌번호    해외선물주문번호
0      1  55555010317  0000001727
[INFO|Futures-Tracker.pyw:320]2018-12-17 17:05:01,995>----------------------------------------------------------
[INFO|Futures-Tracker.pyw:441]2018-12-17 17:05:02,175>----------------------------------------------------------
[INFO|Futures-Tracker.pyw:442]2018-12-17 17:05:02,176>{'주문일자': '20181217', '주문번호': '1727', '원주문번호': 0, '모주문번호': 1727, '계좌번호': '55555010317', '종목코드': 'NQZ18', '매도매수유형': '1', '정정취소유형': '1', '체결수량': 1, '체결가격': 6606.0, '체결번호': '0000001117', '체결시간': '170502112', '매입평균단가': 0.0, '매입금액': 0.0, '청산손익': -50.0, '위탁수수료': 7.5, '현재가격': 6606.0}
[INFO|Futures-Tracker.pyw:443]2018-12-17 17:05:02,180>----------------------------------------------------------
[INFO|Futures-Tracker.pyw:184]2018-12-17 17:05:09,939>수동매수 : 6603.25 (6603.25)
[INFO|Futures-Tracker.pyw:257]2018-12-17 17:05:10,097>0 00000 모의투자 정상 처리되었습니다.	                                                  
[INFO|Futures-Tracker.pyw:317]2018-12-17 17:05:10,106>CIDBT00100------------------------------------------------
[INFO|Futures-Tracker.pyw:318]2018-12-17 17:05:10,107>   레코드갯수 주문일자 지점코드         계좌번호  비밀번호  종목코드값 선물주문구분코드 매매구분코드 해외선물주문유형코드 통화코드  \
0      1            55555010317  0000  NQZ18        1      2          1        

   해외파생주문가격  조건주문가격  주문수량 상품코드 만기년월 거래소코드  
0       0.0     0.0     1                  
[INFO|Futures-Tracker.pyw:319]2018-12-17 17:05:10,132>   레코드갯수         계좌번호    해외선물주문번호
0      1  55555010317  0000001730
[INFO|Futures-Tracker.pyw:320]2018-12-17 17:05:10,139>----------------------------------------------------------
[INFO|Futures-Tracker.pyw:441]2018-12-17 17:05:10,385>----------------------------------------------------------
[INFO|Futures-Tracker.pyw:442]2018-12-17 17:05:10,386>{'주문일자': '20181217', '주문번호': '1730', '원주문번호': 0, '모주문번호': 1730, '계좌번호': '55555010317', '종목코드': 'NQZ18', '매도매수유형': '2', '정정취소유형': '1', '체결수량': 1, '체결가격': 6603.25, '체결번호': '0000001123', '체결시간': '170510246', '매입평균단가': 6603.25, '매입금액': 132065.0, '청산손익': 0.0, '위탁수수료': 7.5, '현재가격': 6603.25}
[INFO|Futures-Tracker.pyw:443]2018-12-17 17:05:10,391>----------------------------------------------------------
[INFO|Futures-Tracker.pyw:194]2018-12-17 17:08:49,503>수동매도 : 6603.50 (6603.50)
[INFO|Futures-Tracker.pyw:257]2018-12-17 17:08:49,541>0 00000 모의투자 정상 처리되었습니다.	                                                  
[INFO|Futures-Tracker.pyw:317]2018-12-17 17:08:49,544>CIDBT00100------------------------------------------------
[INFO|Futures-Tracker.pyw:318]2018-12-17 17:08:49,545>   레코드갯수 주문일자 지점코드         계좌번호  비밀번호  종목코드값 선물주문구분코드 매매구분코드 해외선물주문유형코드 통화코드  \
0      1            55555010317  0000  NQZ18        1      1          1        

   해외파생주문가격  조건주문가격  주문수량 상품코드 만기년월 거래소코드  
0       0.0     0.0     1                  
[INFO|Futures-Tracker.pyw:319]2018-12-17 17:08:49,557>   레코드갯수         계좌번호    해외선물주문번호
0      1  55555010317  0000001768
[INFO|Futures-Tracker.pyw:320]2018-12-17 17:08:49,561>----------------------------------------------------------
[INFO|Futures-Tracker.pyw:441]2018-12-17 17:08:53,259>----------------------------------------------------------
[INFO|Futures-Tracker.pyw:442]2018-12-17 17:08:53,261>{'주문일자': '20181217', '주문번호': '1768', '원주문번호': 0, '모주문번호': 1768, '계좌번호': '55555010317', '종목코드': 'NQZ18', '매도매수유형': '1', '정정취소유형': '1', '체결수량': 1, '체결가격': 6604.5, '체결번호': '0000001145', '체결시간': '170853302', '매입평균단가': 0.0, '매입금액': 0.0, '청산손익': 25.0, '위탁수수료': 7.5, '현재가격': 6604.5}
[INFO|Futures-Tracker.pyw:443]2018-12-17 17:08:53,266>----------------------------------------------------------
[DEBUG|Futures-Tracker.pyw:824]2018-12-17 17:08:58,477>=============================================================================
[INFO|Futures-Tracker.pyw:825]2018-12-17 17:08:58,477>LOG START
[INFO|Futures-Tracker.pyw:184]2018-12-17 17:09:20,319>수동매수 : 6602.50 (6602.50)
[INFO|Futures-Tracker.pyw:257]2018-12-17 17:09:20,350>0 00000 모의투자 정상 처리되었습니다.	                                                  
[INFO|Futures-Tracker.pyw:317]2018-12-17 17:09:20,354>CIDBT00100------------------------------------------------
[INFO|Futures-Tracker.pyw:318]2018-12-17 17:09:20,354>   레코드갯수 주문일자 지점코드         계좌번호  비밀번호  종목코드값 선물주문구분코드 매매구분코드 해외선물주문유형코드 통화코드  \
0      1            55555010317  0000  NQZ18        1      2          1        

   해외파생주문가격  조건주문가격  주문수량 상품코드 만기년월 거래소코드  
0       0.0     0.0     1                  
[INFO|Futures-Tracker.pyw:319]2018-12-17 17:09:20,367>   레코드갯수         계좌번호    해외선물주문번호
0      1  55555010317  0000001774
[INFO|Futures-Tracker.pyw:320]2018-12-17 17:09:20,372>----------------------------------------------------------
[INFO|Futures-Tracker.pyw:441]2018-12-17 17:09:20,986>----------------------------------------------------------
[INFO|Futures-Tracker.pyw:442]2018-12-17 17:09:20,988>{'주문일자': '20181217', '주문번호': '1774', '원주문번호': 0, '모주문번호': 1774, '계좌번호': '55555010317', '종목코드': 'NQZ18', '매도매수유형': '2', '정정취소유형': '1', '체결수량': 1, '체결가격': 6602.75, '체결번호': '0000001150', '체결시간': '170920981', '매입평균단가': 6602.75, '매입금액': 132055.0, '청산손익': 0.0, '위탁수수료': 7.5, '현재가격': 6603.0}
[INFO|Futures-Tracker.pyw:443]2018-12-17 17:09:20,993>----------------------------------------------------------
[INFO|Futures-Tracker.pyw:194]2018-12-17 17:10:34,296>수동매도 : 6602.75 (6602.75)
[INFO|Futures-Tracker.pyw:257]2018-12-17 17:10:34,340>0 00000 모의투자 정상 처리되었습니다.	                                                  
[INFO|Futures-Tracker.pyw:317]2018-12-17 17:10:34,347>CIDBT00100------------------------------------------------
[INFO|Futures-Tracker.pyw:318]2018-12-17 17:10:34,348>   레코드갯수 주문일자 지점코드         계좌번호  비밀번호  종목코드값 선물주문구분코드 매매구분코드 해외선물주문유형코드 통화코드  \
0      1            55555010317  0000  NQZ18        1      1          1        

   해외파생주문가격  조건주문가격  주문수량 상품코드 만기년월 거래소코드  
0       0.0     0.0     1                  
[INFO|Futures-Tracker.pyw:319]2018-12-17 17:10:34,372>   레코드갯수         계좌번호    해외선물주문번호
0      1  55555010317  0000001781
[INFO|Futures-Tracker.pyw:320]2018-12-17 17:10:34,376>----------------------------------------------------------
[INFO|Futures-Tracker.pyw:441]2018-12-17 17:10:45,752>----------------------------------------------------------
[INFO|Futures-Tracker.pyw:442]2018-12-17 17:10:45,755>{'주문일자': '20181217', '주문번호': '1781', '원주문번호': 0, '모주문번호': 1781, '계좌번호': '55555010317', '종목코드': 'NQZ18', '매도매수유형': '1', '정정취소유형': '1', '체결수량': 1, '체결가격': 6603.25, '체결번호': '0000001156', '체결시간': '171045785', '매입평균단가': 0.0, '매입금액': 0.0, '청산손익': 10.0, '위탁수수료': 7.5, '현재가격': 6603.25}
[INFO|Futures-Tracker.pyw:443]2018-12-17 17:10:45,760>----------------------------------------------------------
[DEBUG|Futures-Tracker.pyw:824]2018-12-17 17:11:16,691>=============================================================================
[INFO|Futures-Tracker.pyw:825]2018-12-17 17:11:16,692>LOG START
[DEBUG|Futures-Tracker.pyw:824]2018-12-17 17:11:28,757>=============================================================================
[INFO|Futures-Tracker.pyw:825]2018-12-17 17:11:28,758>LOG START
[INFO|Futures-Tracker.pyw:184]2018-12-17 17:11:46,383>수동매수 : 6604.25 (6604.25)
[INFO|Futures-Tracker.pyw:257]2018-12-17 17:11:46,428>0 00000 모의투자 정상 처리되었습니다.	                                                  
[INFO|Futures-Tracker.pyw:317]2018-12-17 17:11:46,440>CIDBT00100------------------------------------------------
[INFO|Futures-Tracker.pyw:318]2018-12-17 17:11:46,442>   레코드갯수 주문일자 지점코드         계좌번호  비밀번호  종목코드값 선물주문구분코드 매매구분코드 해외선물주문유형코드 통화코드  \
0      1            55555010317  0000  NQZ18        1      2          1        

   해외파생주문가격  조건주문가격  주문수량 상품코드 만기년월 거래소코드  
0       0.0     0.0     1                  
[INFO|Futures-Tracker.pyw:319]2018-12-17 17:11:46,471>   레코드갯수         계좌번호    해외선물주문번호
0      1  55555010317  0000001794
[INFO|Futures-Tracker.pyw:320]2018-12-17 17:11:46,479>----------------------------------------------------------
[INFO|Futures-Tracker.pyw:441]2018-12-17 17:11:49,895>----------------------------------------------------------
[INFO|Futures-Tracker.pyw:442]2018-12-17 17:11:49,897>{'주문일자': '20181217', '주문번호': '1794', '원주문번호': 0, '모주문번호': 1794, '계좌번호': '55555010317', '종목코드': 'NQZ18', '매도매수유형': '2', '정정취소유형': '1', '체결수량': 1, '체결가격': 6604.75, '체결번호': '0000001171', '체결시간': '171149957', '매입평균단가': 6604.75, '매입금액': 132095.0, '청산손익': 0.0, '위탁수수료': 7.5, '현재가격': 6605.0}
[INFO|Futures-Tracker.pyw:443]2018-12-17 17:11:49,901>----------------------------------------------------------
[INFO|Futures-Tracker.pyw:194]2018-12-17 17:12:58,454>수동매도 : 6603.50 (6603.50)
[INFO|Futures-Tracker.pyw:257]2018-12-17 17:12:58,498>0 00000 모의투자 정상 처리되었습니다.	                                                  
[INFO|Futures-Tracker.pyw:317]2018-12-17 17:12:58,506>CIDBT00100------------------------------------------------
[INFO|Futures-Tracker.pyw:318]2018-12-17 17:12:58,508>   레코드갯수 주문일자 지점코드         계좌번호  비밀번호  종목코드값 선물주문구분코드 매매구분코드 해외선물주문유형코드 통화코드  \
0      1            55555010317  0000  NQZ18        1      1          1        

   해외파생주문가격  조건주문가격  주문수량 상품코드 만기년월 거래소코드  
0       0.0     0.0     1                  
[INFO|Futures-Tracker.pyw:319]2018-12-17 17:12:58,541>   레코드갯수         계좌번호    해외선물주문번호
0      1  55555010317  0000001805
[INFO|Futures-Tracker.pyw:320]2018-12-17 17:12:58,547>----------------------------------------------------------
[INFO|Futures-Tracker.pyw:441]2018-12-17 17:13:01,548>----------------------------------------------------------
[INFO|Futures-Tracker.pyw:442]2018-12-17 17:13:01,550>{'주문일자': '20181217', '주문번호': '1805', '원주문번호': 0, '모주문번호': 1805, '계좌번호': '55555010317', '종목코드': 'NQZ18', '매도매수유형': '1', '정정취소유형': '1', '체결수량': 1, '체결가격': 6603.25, '체결번호': '0000001176', '체결시간': '171301629', '매입평균단가': 0.0, '매입금액': 0.0, '청산손익': -30.0, '위탁수수료': 7.5, '현재가격': 6603.25}
[INFO|Futures-Tracker.pyw:443]2018-12-17 17:13:01,556>----------------------------------------------------------
[DEBUG|Futures-Tracker.pyw:824]2018-12-17 17:14:18,366>=============================================================================
[INFO|Futures-Tracker.pyw:825]2018-12-17 17:14:18,367>LOG START
[INFO|Futures-Tracker.pyw:184]2018-12-17 17:14:32,655>수동매수 : 6599.75 (6599.75)
[INFO|Futures-Tracker.pyw:257]2018-12-17 17:14:32,701>0 00000 모의투자 정상 처리되었습니다.	                                                  
[INFO|Futures-Tracker.pyw:317]2018-12-17 17:14:32,710>CIDBT00100------------------------------------------------
[INFO|Futures-Tracker.pyw:318]2018-12-17 17:14:32,712>   레코드갯수 주문일자 지점코드         계좌번호  비밀번호  종목코드값 선물주문구분코드 매매구분코드 해외선물주문유형코드 통화코드  \
0      1            55555010317  0000  NQZ18        1      2          1        

   해외파생주문가격  조건주문가격  주문수량 상품코드 만기년월 거래소코드  
0       0.0     0.0     1                  
[INFO|Futures-Tracker.pyw:319]2018-12-17 17:14:32,734>   레코드갯수         계좌번호    해외선물주문번호
0      1  55555010317  0000001821
[INFO|Futures-Tracker.pyw:320]2018-12-17 17:14:32,741>----------------------------------------------------------
[INFO|Futures-Tracker.pyw:441]2018-12-17 17:14:33,234>----------------------------------------------------------
[INFO|Futures-Tracker.pyw:442]2018-12-17 17:14:33,236>{'주문일자': '20181217', '주문번호': 1821, '원주문번호': 0, '모주문번호': 1821, '계좌번호': '55555010317', '종목코드': 'NQZ18', '매도매수유형': '2', '정정취소유형': '1', '체결수량': 1, '체결가격': 6599.75, '체결번호': '0000001189', '체결시간': '171433263', '매입평균단가': 6599.75, '매입금액': 131995.0, '청산손익': 0.0, '위탁수수료': 7.5, '현재가격': 6599.75}
[INFO|Futures-Tracker.pyw:443]2018-12-17 17:14:33,241>----------------------------------------------------------
[INFO|Futures-Tracker.pyw:598]2018-12-17 17:15:26,282>손절매도 : 6597.0 (6597.00)
[INFO|Futures-Tracker.pyw:257]2018-12-17 17:15:26,320>0 00000 모의투자 정상 처리되었습니다.	                                                  
[INFO|Futures-Tracker.pyw:317]2018-12-17 17:15:26,324>CIDBT00100------------------------------------------------
[INFO|Futures-Tracker.pyw:318]2018-12-17 17:15:26,325>   레코드갯수 주문일자 지점코드         계좌번호  비밀번호  종목코드값 선물주문구분코드 매매구분코드 해외선물주문유형코드 통화코드  \
0      1            55555010317  0000  NQZ18        1      1          1        

   해외파생주문가격  조건주문가격  주문수량 상품코드 만기년월 거래소코드  
0       0.0     0.0     1                  
[INFO|Futures-Tracker.pyw:319]2018-12-17 17:15:26,337>   레코드갯수         계좌번호    해외선물주문번호
0      1  55555010317  0000001833
[INFO|Futures-Tracker.pyw:320]2018-12-17 17:15:26,342>----------------------------------------------------------
[INFO|Futures-Tracker.pyw:441]2018-12-17 17:15:26,973>----------------------------------------------------------
[INFO|Futures-Tracker.pyw:442]2018-12-17 17:15:26,975>{'주문일자': '20181217', '주문번호': 1833, '원주문번호': 0, '모주문번호': 1833, '계좌번호': '55555010317', '종목코드': 'NQZ18', '매도매수유형': '1', '정정취소유형': '1', '체결수량': 1, '체결가격': 6597.0, '체결번호': '0000001196', '체결시간': '171527019', '매입평균단가': 0.0, '매입금액': 0.0, '청산손익': -55.0, '위탁수수료': 7.5, '현재가격': 6597.0}
[INFO|Futures-Tracker.pyw:443]2018-12-17 17:15:26,976>----------------------------------------------------------
[DEBUG|Futures-Tracker.pyw:820]2018-12-17 17:16:28,152>=============================================================================
[INFO|Futures-Tracker.pyw:821]2018-12-17 17:16:28,152>LOG START
[INFO|Futures-Tracker.pyw:184]2018-12-17 17:16:46,335>수동매수 : 6594.50 (6594.50)
[INFO|Futures-Tracker.pyw:257]2018-12-17 17:16:46,388>0 00000 모의투자 정상 처리되었습니다.	                                                  
[INFO|Futures-Tracker.pyw:317]2018-12-17 17:16:46,394>CIDBT00100------------------------------------------------
[INFO|Futures-Tracker.pyw:318]2018-12-17 17:16:46,395>   레코드갯수 주문일자 지점코드         계좌번호  비밀번호  종목코드값 선물주문구분코드 매매구분코드 해외선물주문유형코드 통화코드  \
0      1            55555010317  0000  NQZ18        1      2          1        

   해외파생주문가격  조건주문가격  주문수량 상품코드 만기년월 거래소코드  
0       0.0     0.0     1                  
[INFO|Futures-Tracker.pyw:319]2018-12-17 17:16:46,406>   레코드갯수         계좌번호    해외선물주문번호
0      1  55555010317  0000001846
[INFO|Futures-Tracker.pyw:320]2018-12-17 17:16:46,409>----------------------------------------------------------
[INFO|Futures-Tracker.pyw:441]2018-12-17 17:16:46,618>----------------------------------------------------------
[INFO|Futures-Tracker.pyw:442]2018-12-17 17:16:46,621>{'주문일자': '20181217', '주문번호': 1846, '원주문번호': 0, '모주문번호': 1846, '계좌번호': '55555010317', '종목코드': 'NQZ18', '매도매수유형': '2', '정정취소유형': '1', '체결수량': 1, '체결가격': 6594.0, '체결번호': '0000001205', '체결시간': '171646562', '매입평균단가': 6594.0, '매입금액': 131880.0, '청산손익': 0.0, '위탁수수료': 7.5, '현재가격': 6594.0}
[INFO|Futures-Tracker.pyw:443]2018-12-17 17:16:46,626>----------------------------------------------------------
[INFO|Futures-Tracker.pyw:594]2018-12-17 17:20:50,299>손절매도 : 6591.25 (6591.25)
[INFO|Futures-Tracker.pyw:257]2018-12-17 17:20:50,336>0 00000 모의투자 정상 처리되었습니다.	                                                  
[INFO|Futures-Tracker.pyw:317]2018-12-17 17:20:50,339>CIDBT00100------------------------------------------------
[INFO|Futures-Tracker.pyw:318]2018-12-17 17:20:50,340>   레코드갯수 주문일자 지점코드         계좌번호  비밀번호  종목코드값 선물주문구분코드 매매구분코드 해외선물주문유형코드 통화코드  \
0      1            55555010317  0000  NQZ18        1      1          1        

   해외파생주문가격  조건주문가격  주문수량 상품코드 만기년월 거래소코드  
0       0.0     0.0     1                  
[INFO|Futures-Tracker.pyw:319]2018-12-17 17:20:50,350>   레코드갯수         계좌번호    해외선물주문번호
0      1  55555010317  0000001872
[INFO|Futures-Tracker.pyw:320]2018-12-17 17:20:50,354>----------------------------------------------------------
[INFO|Futures-Tracker.pyw:441]2018-12-17 17:20:50,498>----------------------------------------------------------
[INFO|Futures-Tracker.pyw:442]2018-12-17 17:20:50,498>{'주문일자': '20181217', '주문번호': 1872, '원주문번호': 0, '모주문번호': 1872, '계좌번호': '55555010317', '종목코드': 'NQZ18', '매도매수유형': '1', '정정취소유형': '1', '체결수량': 1, '체결가격': 6591.5, '체결번호': '0000001229', '체결시간': '172050521', '매입평균단가': 0.0, '매입금액': 0.0, '청산손익': -50.0, '위탁수수료': 7.5, '현재가격': 6591.25}
[INFO|Futures-Tracker.pyw:443]2018-12-17 17:20:50,500>----------------------------------------------------------
[DEBUG|Futures-Tracker.pyw:816]2018-12-17 17:24:20,505>=============================================================================
[INFO|Futures-Tracker.pyw:817]2018-12-17 17:24:20,506>LOG START
[INFO|Futures-Tracker.pyw:194]2018-12-17 17:24:42,494>수동매도 : 6598.75 (6598.75)
[INFO|Futures-Tracker.pyw:257]2018-12-17 17:24:42,543>0 00000 모의투자 정상 처리되었습니다.	                                                  
[INFO|Futures-Tracker.pyw:437]2018-12-17 17:24:45,712>----------------------------------------------------------
[INFO|Futures-Tracker.pyw:438]2018-12-17 17:24:45,712>{'주문일자': '20181217', '주문번호': 1893, '원주문번호': 0, '모주문번호': 1893, '계좌번호': '55555010317', '종목코드': 'NQZ18', '매도매수유형': '1', '정정취소유형': '1', '체결수량': 1, '체결가격': 6598.75, '체결번호': '0000001254', '체결시간': '172445712', '매입평균단가': 6598.75, '매입금액': 131975.0, '청산손익': 0.0, '위탁수수료': 7.5, '현재가격': 6598.5}
[INFO|Futures-Tracker.pyw:439]2018-12-17 17:24:45,713>----------------------------------------------------------
[INFO|Futures-Tracker.pyw:577]2018-12-17 17:25:49,665>수익매수 : 6597.25 (6597.25)
[INFO|Futures-Tracker.pyw:257]2018-12-17 17:25:49,719>0 00000 모의투자 정상 처리되었습니다.	                                                  
[INFO|Futures-Tracker.pyw:437]2018-12-17 17:25:50,261>----------------------------------------------------------
[INFO|Futures-Tracker.pyw:438]2018-12-17 17:25:50,263>{'주문일자': '20181217', '주문번호': 1905, '원주문번호': 0, '모주문번호': 1905, '계좌번호': '55555010317', '종목코드': 'NQZ18', '매도매수유형': '2', '정정취소유형': '1', '체결수량': 1, '체결가격': 6597.25, '체결번호': '0000001263', '체결시간': '172550326', '매입평균단가': 0.0, '매입금액': 0.0, '청산손익': 30.0, '위탁수수료': 7.5, '현재가격': 6598.0}
[INFO|Futures-Tracker.pyw:439]2018-12-17 17:25:50,271>----------------------------------------------------------
